[2022-03-28 01:24:53] production.ERROR: No application encryption key has been specified. {"exception":"[object] (Illuminate\\Encryption\\MissingAppKeyException(code: 0): No application encryption key has been specified. at /opt/lampp/htdocs/gitHub/react-laravel-ecommerce/api-laravel-ecommerce/vendor/laravel/framework/src/Illuminate/Encryption/EncryptionServiceProvider.php:101)
[stacktrace]
#0 /opt/lampp/htdocs/gitHub/react-laravel-ecommerce/api-laravel-ecommerce/vendor/laravel/framework/src/Illuminate/Support/helpers.php(263): Illuminate\\Encryption\\EncryptionServiceProvider->Illuminate\\Encryption\\{closure}()
#1 /opt/lampp/htdocs/gitHub/react-laravel-ecommerce/api-laravel-ecommerce/vendor/laravel/framework/src/Illuminate/Encryption/EncryptionServiceProvider.php(103): tap()
#2 /opt/lampp/htdocs/gitHub/react-laravel-ecommerce/api-laravel-ecommerce/vendor/laravel/framework/src/Illuminate/Encryption/EncryptionServiceProvider.php(82): Illuminate\\Encryption\\EncryptionServiceProvider->key()
#3 /opt/lampp/htdocs/gitHub/react-laravel-ecommerce/api-laravel-ecommerce/vendor/laravel/framework/src/Illuminate/Encryption/EncryptionServiceProvider.php(34): Illuminate\\Encryption\\EncryptionServiceProvider->parseKey()
#4 /opt/lampp/htdocs/gitHub/react-laravel-ecommerce/api-laravel-ecommerce/vendor/laravel/framework/src/Illuminate/Container/Container.php(873): Illuminate\\Encryption\\EncryptionServiceProvider->Illuminate\\Encryption\\{closure}()
#5 /opt/lampp/htdocs/gitHub/react-laravel-ecommerce/api-laravel-ecommerce/vendor/laravel/framework/src/Illuminate/Container/Container.php(758): Illuminate\\Container\\Container->build()
#6 /opt/lampp/htdocs/gitHub/react-laravel-ecommerce/api-laravel-ecommerce/vendor/laravel/framework/src/Illuminate/Foundation/Application.php(851): Illuminate\\Container\\Container->resolve()
#7 /opt/lampp/htdocs/gitHub/react-laravel-ecommerce/api-laravel-ecommerce/vendor/laravel/framework/src/Illuminate/Container/Container.php(694): Illuminate\\Foundation\\Application->resolve()
#8 /opt/lampp/htdocs/gitHub/react-laravel-ecommerce/api-laravel-ecommerce/vendor/laravel/framework/src/Illuminate/Foundation/Application.php(836): Illuminate\\Container\\Container->make()
#9 /opt/lampp/htdocs/gitHub/react-laravel-ecommerce/api-laravel-ecommerce/vendor/laravel/framework/src/Illuminate/Container/Container.php(1027): Illuminate\\Foundation\\Application->make()
#10 /opt/lampp/htdocs/gitHub/react-laravel-ecommerce/api-laravel-ecommerce/vendor/laravel/framework/src/Illuminate/Container/Container.php(947): Illuminate\\Container\\Container->resolveClass()
#11 /opt/lampp/htdocs/gitHub/react-laravel-ecommerce/api-laravel-ecommerce/vendor/laravel/framework/src/Illuminate/Container/Container.php(908): Illuminate\\Container\\Container->resolveDependencies()
#12 /opt/lampp/htdocs/gitHub/react-laravel-ecommerce/api-laravel-ecommerce/vendor/laravel/framework/src/Illuminate/Container/Container.php(758): Illuminate\\Container\\Container->build()
#13 /opt/lampp/htdocs/gitHub/react-laravel-ecommerce/api-laravel-ecommerce/vendor/laravel/framework/src/Illuminate/Foundation/Application.php(851): Illuminate\\Container\\Container->resolve()
#14 /opt/lampp/htdocs/gitHub/react-laravel-ecommerce/api-laravel-ecommerce/vendor/laravel/framework/src/Illuminate/Container/Container.php(694): Illuminate\\Foundation\\Application->resolve()
#15 /opt/lampp/htdocs/gitHub/react-laravel-ecommerce/api-laravel-ecommerce/vendor/laravel/framework/src/Illuminate/Foundation/Application.php(836): Illuminate\\Container\\Container->make()
#16 /opt/lampp/htdocs/gitHub/react-laravel-ecommerce/api-laravel-ecommerce/vendor/laravel/framework/src/Illuminate/Pipeline/Pipeline.php(156): Illuminate\\Foundation\\Application->make()
#17 /opt/lampp/htdocs/gitHub/react-laravel-ecommerce/api-laravel-ecommerce/vendor/laravel/framework/src/Illuminate/Pipeline/Pipeline.php(103): Illuminate\\Pipeline\\Pipeline->Illuminate\\Pipeline\\{closure}()
#18 /opt/lampp/htdocs/gitHub/react-laravel-ecommerce/api-laravel-ecommerce/vendor/laravel/framework/src/Illuminate/Routing/Router.php(723): Illuminate\\Pipeline\\Pipeline->then()
#19 /opt/lampp/htdocs/gitHub/react-laravel-ecommerce/api-laravel-ecommerce/vendor/laravel/framework/src/Illuminate/Routing/Router.php(698): Illuminate\\Routing\\Router->runRouteWithinStack()
#20 /opt/lampp/htdocs/gitHub/react-laravel-ecommerce/api-laravel-ecommerce/vendor/laravel/framework/src/Illuminate/Routing/Router.php(662): Illuminate\\Routing\\Router->runRoute()
#21 /opt/lampp/htdocs/gitHub/react-laravel-ecommerce/api-laravel-ecommerce/vendor/laravel/framework/src/Illuminate/Routing/Router.php(651): Illuminate\\Routing\\Router->dispatchToRoute()
#22 /opt/lampp/htdocs/gitHub/react-laravel-ecommerce/api-laravel-ecommerce/vendor/laravel/framework/src/Illuminate/Foundation/Http/Kernel.php(167): Illuminate\\Routing\\Router->dispatch()
#23 /opt/lampp/htdocs/gitHub/react-laravel-ecommerce/api-laravel-ecommerce/vendor/laravel/framework/src/Illuminate/Pipeline/Pipeline.php(128): Illuminate\\Foundation\\Http\\Kernel->Illuminate\\Foundation\\Http\\{closure}()
#24 /opt/lampp/htdocs/gitHub/react-laravel-ecommerce/api-laravel-ecommerce/vendor/laravel/framework/src/Illuminate/Foundation/Http/Middleware/TransformsRequest.php(21): Illuminate\\Pipeline\\Pipeline->Illuminate\\Pipeline\\{closure}()
#25 /opt/lampp/htdocs/gitHub/react-laravel-ecommerce/api-laravel-ecommerce/vendor/laravel/framework/src/Illuminate/Foundation/Http/Middleware/ConvertEmptyStringsToNull.php(31): Illuminate\\Foundation\\Http\\Middleware\\TransformsRequest->handle()
#26 /opt/lampp/htdocs/gitHub/react-laravel-ecommerce/api-laravel-ecommerce/vendor/laravel/framework/src/Illuminate/Pipeline/Pipeline.php(167): Illuminate\\Foundation\\Http\\Middleware\\ConvertEmptyStringsToNull->handle()
#27 /opt/lampp/htdocs/gitHub/react-laravel-ecommerce/api-laravel-ecommerce/vendor/laravel/framework/src/Illuminate/Foundation/Http/Middleware/TransformsRequest.php(21): Illuminate\\Pipeline\\Pipeline->Illuminate\\Pipeline\\{closure}()
#28 /opt/lampp/htdocs/gitHub/react-laravel-ecommerce/api-laravel-ecommerce/vendor/laravel/framework/src/Illuminate/Foundation/Http/Middleware/TrimStrings.php(40): Illuminate\\Foundation\\Http\\Middleware\\TransformsRequest->handle()
#29 /opt/lampp/htdocs/gitHub/react-laravel-ecommerce/api-laravel-ecommerce/vendor/laravel/framework/src/Illuminate/Pipeline/Pipeline.php(167): Illuminate\\Foundation\\Http\\Middleware\\TrimStrings->handle()
#30 /opt/lampp/htdocs/gitHub/react-laravel-ecommerce/api-laravel-ecommerce/vendor/laravel/framework/src/Illuminate/Foundation/Http/Middleware/ValidatePostSize.php(27): Illuminate\\Pipeline\\Pipeline->Illuminate\\Pipeline\\{closure}()
#31 /opt/lampp/htdocs/gitHub/react-laravel-ecommerce/api-laravel-ecommerce/vendor/laravel/framework/src/Illuminate/Pipeline/Pipeline.php(167): Illuminate\\Foundation\\Http\\Middleware\\ValidatePostSize->handle()
#32 /opt/lampp/htdocs/gitHub/react-laravel-ecommerce/api-laravel-ecommerce/vendor/laravel/framework/src/Illuminate/Foundation/Http/Middleware/PreventRequestsDuringMaintenance.php(86): Illuminate\\Pipeline\\Pipeline->Illuminate\\Pipeline\\{closure}()
#33 /opt/lampp/htdocs/gitHub/react-laravel-ecommerce/api-laravel-ecommerce/vendor/laravel/framework/src/Illuminate/Pipeline/Pipeline.php(167): Illuminate\\Foundation\\Http\\Middleware\\PreventRequestsDuringMaintenance->handle()
#34 /opt/lampp/htdocs/gitHub/react-laravel-ecommerce/api-laravel-ecommerce/vendor/fruitcake/laravel-cors/src/HandleCors.php(38): Illuminate\\Pipeline\\Pipeline->Illuminate\\Pipeline\\{closure}()
#35 /opt/lampp/htdocs/gitHub/react-laravel-ecommerce/api-laravel-ecommerce/vendor/laravel/framework/src/Illuminate/Pipeline/Pipeline.php(167): Fruitcake\\Cors\\HandleCors->handle()
#36 /opt/lampp/htdocs/gitHub/react-laravel-ecommerce/api-laravel-ecommerce/vendor/laravel/framework/src/Illuminate/Http/Middleware/TrustProxies.php(39): Illuminate\\Pipeline\\Pipeline->Illuminate\\Pipeline\\{closure}()
#37 /opt/lampp/htdocs/gitHub/react-laravel-ecommerce/api-laravel-ecommerce/vendor/laravel/framework/src/Illuminate/Pipeline/Pipeline.php(167): Illuminate\\Http\\Middleware\\TrustProxies->handle()
#38 /opt/lampp/htdocs/gitHub/react-laravel-ecommerce/api-laravel-ecommerce/vendor/laravel/framework/src/Illuminate/Pipeline/Pipeline.php(103): Illuminate\\Pipeline\\Pipeline->Illuminate\\Pipeline\\{closure}()
#39 /opt/lampp/htdocs/gitHub/react-laravel-ecommerce/api-laravel-ecommerce/vendor/laravel/framework/src/Illuminate/Foundation/Http/Kernel.php(142): Illuminate\\Pipeline\\Pipeline->then()
#40 /opt/lampp/htdocs/gitHub/react-laravel-ecommerce/api-laravel-ecommerce/vendor/laravel/framework/src/Illuminate/Foundation/Http/Kernel.php(111): Illuminate\\Foundation\\Http\\Kernel->sendRequestThroughRouter()
#41 /opt/lampp/htdocs/gitHub/react-laravel-ecommerce/api-laravel-ecommerce/public/index.php(52): Illuminate\\Foundation\\Http\\Kernel->handle()
#42 /opt/lampp/htdocs/gitHub/react-laravel-ecommerce/api-laravel-ecommerce/server.php(21): require_once('/opt/lampp/htdo...')
#43 {main}
"} 
[2022-03-28 01:24:53] production.ERROR: No application encryption key has been specified. {"exception":"[object] (Illuminate\\Encryption\\MissingAppKeyException(code: 0): No application encryption key has been specified. at /opt/lampp/htdocs/gitHub/react-laravel-ecommerce/api-laravel-ecommerce/vendor/laravel/framework/src/Illuminate/Encryption/EncryptionServiceProvider.php:101)
[stacktrace]
#0 /opt/lampp/htdocs/gitHub/react-laravel-ecommerce/api-laravel-ecommerce/vendor/laravel/framework/src/Illuminate/Support/helpers.php(263): Illuminate\\Encryption\\EncryptionServiceProvider->Illuminate\\Encryption\\{closure}()
#1 /opt/lampp/htdocs/gitHub/react-laravel-ecommerce/api-laravel-ecommerce/vendor/laravel/framework/src/Illuminate/Encryption/EncryptionServiceProvider.php(103): tap()
#2 /opt/lampp/htdocs/gitHub/react-laravel-ecommerce/api-laravel-ecommerce/vendor/laravel/framework/src/Illuminate/Encryption/EncryptionServiceProvider.php(82): Illuminate\\Encryption\\EncryptionServiceProvider->key()
#3 /opt/lampp/htdocs/gitHub/react-laravel-ecommerce/api-laravel-ecommerce/vendor/laravel/framework/src/Illuminate/Encryption/EncryptionServiceProvider.php(34): Illuminate\\Encryption\\EncryptionServiceProvider->parseKey()
#4 /opt/lampp/htdocs/gitHub/react-laravel-ecommerce/api-laravel-ecommerce/vendor/laravel/framework/src/Illuminate/Container/Container.php(873): Illuminate\\Encryption\\EncryptionServiceProvider->Illuminate\\Encryption\\{closure}()
#5 /opt/lampp/htdocs/gitHub/react-laravel-ecommerce/api-laravel-ecommerce/vendor/laravel/framework/src/Illuminate/Container/Container.php(758): Illuminate\\Container\\Container->build()
#6 /opt/lampp/htdocs/gitHub/react-laravel-ecommerce/api-laravel-ecommerce/vendor/laravel/framework/src/Illuminate/Foundation/Application.php(851): Illuminate\\Container\\Container->resolve()
#7 /opt/lampp/htdocs/gitHub/react-laravel-ecommerce/api-laravel-ecommerce/vendor/laravel/framework/src/Illuminate/Container/Container.php(694): Illuminate\\Foundation\\Application->resolve()
#8 /opt/lampp/htdocs/gitHub/react-laravel-ecommerce/api-laravel-ecommerce/vendor/laravel/framework/src/Illuminate/Foundation/Application.php(836): Illuminate\\Container\\Container->make()
#9 /opt/lampp/htdocs/gitHub/react-laravel-ecommerce/api-laravel-ecommerce/vendor/laravel/framework/src/Illuminate/Container/Container.php(1027): Illuminate\\Foundation\\Application->make()
#10 /opt/lampp/htdocs/gitHub/react-laravel-ecommerce/api-laravel-ecommerce/vendor/laravel/framework/src/Illuminate/Container/Container.php(947): Illuminate\\Container\\Container->resolveClass()
#11 /opt/lampp/htdocs/gitHub/react-laravel-ecommerce/api-laravel-ecommerce/vendor/laravel/framework/src/Illuminate/Container/Container.php(908): Illuminate\\Container\\Container->resolveDependencies()
#12 /opt/lampp/htdocs/gitHub/react-laravel-ecommerce/api-laravel-ecommerce/vendor/laravel/framework/src/Illuminate/Container/Container.php(758): Illuminate\\Container\\Container->build()
#13 /opt/lampp/htdocs/gitHub/react-laravel-ecommerce/api-laravel-ecommerce/vendor/laravel/framework/src/Illuminate/Foundation/Application.php(851): Illuminate\\Container\\Container->resolve()
#14 /opt/lampp/htdocs/gitHub/react-laravel-ecommerce/api-laravel-ecommerce/vendor/laravel/framework/src/Illuminate/Container/Container.php(694): Illuminate\\Foundation\\Application->resolve()
#15 /opt/lampp/htdocs/gitHub/react-laravel-ecommerce/api-laravel-ecommerce/vendor/laravel/framework/src/Illuminate/Foundation/Application.php(836): Illuminate\\Container\\Container->make()
#16 /opt/lampp/htdocs/gitHub/react-laravel-ecommerce/api-laravel-ecommerce/vendor/laravel/framework/src/Illuminate/Foundation/Http/Kernel.php(206): Illuminate\\Foundation\\Application->make()
#17 /opt/lampp/htdocs/gitHub/react-laravel-ecommerce/api-laravel-ecommerce/vendor/laravel/framework/src/Illuminate/Foundation/Http/Kernel.php(180): Illuminate\\Foundation\\Http\\Kernel->terminateMiddleware()
#18 /opt/lampp/htdocs/gitHub/react-laravel-ecommerce/api-laravel-ecommerce/public/index.php(55): Illuminate\\Foundation\\Http\\Kernel->terminate()
#19 /opt/lampp/htdocs/gitHub/react-laravel-ecommerce/api-laravel-ecommerce/server.php(21): require_once('/opt/lampp/htdo...')
#20 {main}
"} 
[2022-03-28 01:26:02] production.ERROR: No application encryption key has been specified. {"exception":"[object] (Illuminate\\Encryption\\MissingAppKeyException(code: 0): No application encryption key has been specified. at /opt/lampp/htdocs/gitHub/react-laravel-ecommerce/api-laravel-ecommerce/vendor/laravel/framework/src/Illuminate/Encryption/EncryptionServiceProvider.php:101)
[stacktrace]
#0 /opt/lampp/htdocs/gitHub/react-laravel-ecommerce/api-laravel-ecommerce/vendor/laravel/framework/src/Illuminate/Support/helpers.php(263): Illuminate\\Encryption\\EncryptionServiceProvider->Illuminate\\Encryption\\{closure}()
#1 /opt/lampp/htdocs/gitHub/react-laravel-ecommerce/api-laravel-ecommerce/vendor/laravel/framework/src/Illuminate/Encryption/EncryptionServiceProvider.php(103): tap()
#2 /opt/lampp/htdocs/gitHub/react-laravel-ecommerce/api-laravel-ecommerce/vendor/laravel/framework/src/Illuminate/Encryption/EncryptionServiceProvider.php(82): Illuminate\\Encryption\\EncryptionServiceProvider->key()
#3 /opt/lampp/htdocs/gitHub/react-laravel-ecommerce/api-laravel-ecommerce/vendor/laravel/framework/src/Illuminate/Encryption/EncryptionServiceProvider.php(34): Illuminate\\Encryption\\EncryptionServiceProvider->parseKey()
#4 /opt/lampp/htdocs/gitHub/react-laravel-ecommerce/api-laravel-ecommerce/vendor/laravel/framework/src/Illuminate/Container/Container.php(873): Illuminate\\Encryption\\EncryptionServiceProvider->Illuminate\\Encryption\\{closure}()
#5 /opt/lampp/htdocs/gitHub/react-laravel-ecommerce/api-laravel-ecommerce/vendor/laravel/framework/src/Illuminate/Container/Container.php(758): Illuminate\\Container\\Container->build()
#6 /opt/lampp/htdocs/gitHub/react-laravel-ecommerce/api-laravel-ecommerce/vendor/laravel/framework/src/Illuminate/Foundation/Application.php(851): Illuminate\\Container\\Container->resolve()
#7 /opt/lampp/htdocs/gitHub/react-laravel-ecommerce/api-laravel-ecommerce/vendor/laravel/framework/src/Illuminate/Container/Container.php(694): Illuminate\\Foundation\\Application->resolve()
#8 /opt/lampp/htdocs/gitHub/react-laravel-ecommerce/api-laravel-ecommerce/vendor/laravel/framework/src/Illuminate/Foundation/Application.php(836): Illuminate\\Container\\Container->make()
#9 /opt/lampp/htdocs/gitHub/react-laravel-ecommerce/api-laravel-ecommerce/vendor/laravel/framework/src/Illuminate/Container/Container.php(1027): Illuminate\\Foundation\\Application->make()
#10 /opt/lampp/htdocs/gitHub/react-laravel-ecommerce/api-laravel-ecommerce/vendor/laravel/framework/src/Illuminate/Container/Container.php(947): Illuminate\\Container\\Container->resolveClass()
#11 /opt/lampp/htdocs/gitHub/react-laravel-ecommerce/api-laravel-ecommerce/vendor/laravel/framework/src/Illuminate/Container/Container.php(908): Illuminate\\Container\\Container->resolveDependencies()
#12 /opt/lampp/htdocs/gitHub/react-laravel-ecommerce/api-laravel-ecommerce/vendor/laravel/framework/src/Illuminate/Container/Container.php(758): Illuminate\\Container\\Container->build()
#13 /opt/lampp/htdocs/gitHub/react-laravel-ecommerce/api-laravel-ecommerce/vendor/laravel/framework/src/Illuminate/Foundation/Application.php(851): Illuminate\\Container\\Container->resolve()
#14 /opt/lampp/htdocs/gitHub/react-laravel-ecommerce/api-laravel-ecommerce/vendor/laravel/framework/src/Illuminate/Container/Container.php(694): Illuminate\\Foundation\\Application->resolve()
#15 /opt/lampp/htdocs/gitHub/react-laravel-ecommerce/api-laravel-ecommerce/vendor/laravel/framework/src/Illuminate/Foundation/Application.php(836): Illuminate\\Container\\Container->make()
#16 /opt/lampp/htdocs/gitHub/react-laravel-ecommerce/api-laravel-ecommerce/vendor/laravel/framework/src/Illuminate/Pipeline/Pipeline.php(156): Illuminate\\Foundation\\Application->make()
#17 /opt/lampp/htdocs/gitHub/react-laravel-ecommerce/api-laravel-ecommerce/vendor/laravel/framework/src/Illuminate/Pipeline/Pipeline.php(103): Illuminate\\Pipeline\\Pipeline->Illuminate\\Pipeline\\{closure}()
#18 /opt/lampp/htdocs/gitHub/react-laravel-ecommerce/api-laravel-ecommerce/vendor/laravel/framework/src/Illuminate/Routing/Router.php(723): Illuminate\\Pipeline\\Pipeline->then()
#19 /opt/lampp/htdocs/gitHub/react-laravel-ecommerce/api-laravel-ecommerce/vendor/laravel/framework/src/Illuminate/Routing/Router.php(698): Illuminate\\Routing\\Router->runRouteWithinStack()
#20 /opt/lampp/htdocs/gitHub/react-laravel-ecommerce/api-laravel-ecommerce/vendor/laravel/framework/src/Illuminate/Routing/Router.php(662): Illuminate\\Routing\\Router->runRoute()
#21 /opt/lampp/htdocs/gitHub/react-laravel-ecommerce/api-laravel-ecommerce/vendor/laravel/framework/src/Illuminate/Routing/Router.php(651): Illuminate\\Routing\\Router->dispatchToRoute()
#22 /opt/lampp/htdocs/gitHub/react-laravel-ecommerce/api-laravel-ecommerce/vendor/laravel/framework/src/Illuminate/Foundation/Http/Kernel.php(167): Illuminate\\Routing\\Router->dispatch()
#23 /opt/lampp/htdocs/gitHub/react-laravel-ecommerce/api-laravel-ecommerce/vendor/laravel/framework/src/Illuminate/Pipeline/Pipeline.php(128): Illuminate\\Foundation\\Http\\Kernel->Illuminate\\Foundation\\Http\\{closure}()
#24 /opt/lampp/htdocs/gitHub/react-laravel-ecommerce/api-laravel-ecommerce/vendor/laravel/framework/src/Illuminate/Foundation/Http/Middleware/TransformsRequest.php(21): Illuminate\\Pipeline\\Pipeline->Illuminate\\Pipeline\\{closure}()
#25 /opt/lampp/htdocs/gitHub/react-laravel-ecommerce/api-laravel-ecommerce/vendor/laravel/framework/src/Illuminate/Foundation/Http/Middleware/ConvertEmptyStringsToNull.php(31): Illuminate\\Foundation\\Http\\Middleware\\TransformsRequest->handle()
#26 /opt/lampp/htdocs/gitHub/react-laravel-ecommerce/api-laravel-ecommerce/vendor/laravel/framework/src/Illuminate/Pipeline/Pipeline.php(167): Illuminate\\Foundation\\Http\\Middleware\\ConvertEmptyStringsToNull->handle()
#27 /opt/lampp/htdocs/gitHub/react-laravel-ecommerce/api-laravel-ecommerce/vendor/laravel/framework/src/Illuminate/Foundation/Http/Middleware/TransformsRequest.php(21): Illuminate\\Pipeline\\Pipeline->Illuminate\\Pipeline\\{closure}()
#28 /opt/lampp/htdocs/gitHub/react-laravel-ecommerce/api-laravel-ecommerce/vendor/laravel/framework/src/Illuminate/Foundation/Http/Middleware/TrimStrings.php(40): Illuminate\\Foundation\\Http\\Middleware\\TransformsRequest->handle()
#29 /opt/lampp/htdocs/gitHub/react-laravel-ecommerce/api-laravel-ecommerce/vendor/laravel/framework/src/Illuminate/Pipeline/Pipeline.php(167): Illuminate\\Foundation\\Http\\Middleware\\TrimStrings->handle()
#30 /opt/lampp/htdocs/gitHub/react-laravel-ecommerce/api-laravel-ecommerce/vendor/laravel/framework/src/Illuminate/Foundation/Http/Middleware/ValidatePostSize.php(27): Illuminate\\Pipeline\\Pipeline->Illuminate\\Pipeline\\{closure}()
#31 /opt/lampp/htdocs/gitHub/react-laravel-ecommerce/api-laravel-ecommerce/vendor/laravel/framework/src/Illuminate/Pipeline/Pipeline.php(167): Illuminate\\Foundation\\Http\\Middleware\\ValidatePostSize->handle()
#32 /opt/lampp/htdocs/gitHub/react-laravel-ecommerce/api-laravel-ecommerce/vendor/laravel/framework/src/Illuminate/Foundation/Http/Middleware/PreventRequestsDuringMaintenance.php(86): Illuminate\\Pipeline\\Pipeline->Illuminate\\Pipeline\\{closure}()
#33 /opt/lampp/htdocs/gitHub/react-laravel-ecommerce/api-laravel-ecommerce/vendor/laravel/framework/src/Illuminate/Pipeline/Pipeline.php(167): Illuminate\\Foundation\\Http\\Middleware\\PreventRequestsDuringMaintenance->handle()
#34 /opt/lampp/htdocs/gitHub/react-laravel-ecommerce/api-laravel-ecommerce/vendor/fruitcake/laravel-cors/src/HandleCors.php(38): Illuminate\\Pipeline\\Pipeline->Illuminate\\Pipeline\\{closure}()
#35 /opt/lampp/htdocs/gitHub/react-laravel-ecommerce/api-laravel-ecommerce/vendor/laravel/framework/src/Illuminate/Pipeline/Pipeline.php(167): Fruitcake\\Cors\\HandleCors->handle()
#36 /opt/lampp/htdocs/gitHub/react-laravel-ecommerce/api-laravel-ecommerce/vendor/laravel/framework/src/Illuminate/Http/Middleware/TrustProxies.php(39): Illuminate\\Pipeline\\Pipeline->Illuminate\\Pipeline\\{closure}()
#37 /opt/lampp/htdocs/gitHub/react-laravel-ecommerce/api-laravel-ecommerce/vendor/laravel/framework/src/Illuminate/Pipeline/Pipeline.php(167): Illuminate\\Http\\Middleware\\TrustProxies->handle()
#38 /opt/lampp/htdocs/gitHub/react-laravel-ecommerce/api-laravel-ecommerce/vendor/laravel/framework/src/Illuminate/Pipeline/Pipeline.php(103): Illuminate\\Pipeline\\Pipeline->Illuminate\\Pipeline\\{closure}()
#39 /opt/lampp/htdocs/gitHub/react-laravel-ecommerce/api-laravel-ecommerce/vendor/laravel/framework/src/Illuminate/Foundation/Http/Kernel.php(142): Illuminate\\Pipeline\\Pipeline->then()
#40 /opt/lampp/htdocs/gitHub/react-laravel-ecommerce/api-laravel-ecommerce/vendor/laravel/framework/src/Illuminate/Foundation/Http/Kernel.php(111): Illuminate\\Foundation\\Http\\Kernel->sendRequestThroughRouter()
#41 /opt/lampp/htdocs/gitHub/react-laravel-ecommerce/api-laravel-ecommerce/public/index.php(52): Illuminate\\Foundation\\Http\\Kernel->handle()
#42 /opt/lampp/htdocs/gitHub/react-laravel-ecommerce/api-laravel-ecommerce/server.php(21): require_once('/opt/lampp/htdo...')
#43 {main}
"} 
[2022-03-28 01:26:02] production.ERROR: No application encryption key has been specified. {"exception":"[object] (Illuminate\\Encryption\\MissingAppKeyException(code: 0): No application encryption key has been specified. at /opt/lampp/htdocs/gitHub/react-laravel-ecommerce/api-laravel-ecommerce/vendor/laravel/framework/src/Illuminate/Encryption/EncryptionServiceProvider.php:101)
[stacktrace]
#0 /opt/lampp/htdocs/gitHub/react-laravel-ecommerce/api-laravel-ecommerce/vendor/laravel/framework/src/Illuminate/Support/helpers.php(263): Illuminate\\Encryption\\EncryptionServiceProvider->Illuminate\\Encryption\\{closure}()
#1 /opt/lampp/htdocs/gitHub/react-laravel-ecommerce/api-laravel-ecommerce/vendor/laravel/framework/src/Illuminate/Encryption/EncryptionServiceProvider.php(103): tap()
#2 /opt/lampp/htdocs/gitHub/react-laravel-ecommerce/api-laravel-ecommerce/vendor/laravel/framework/src/Illuminate/Encryption/EncryptionServiceProvider.php(82): Illuminate\\Encryption\\EncryptionServiceProvider->key()
#3 /opt/lampp/htdocs/gitHub/react-laravel-ecommerce/api-laravel-ecommerce/vendor/laravel/framework/src/Illuminate/Encryption/EncryptionServiceProvider.php(34): Illuminate\\Encryption\\EncryptionServiceProvider->parseKey()
#4 /opt/lampp/htdocs/gitHub/react-laravel-ecommerce/api-laravel-ecommerce/vendor/laravel/framework/src/Illuminate/Container/Container.php(873): Illuminate\\Encryption\\EncryptionServiceProvider->Illuminate\\Encryption\\{closure}()
#5 /opt/lampp/htdocs/gitHub/react-laravel-ecommerce/api-laravel-ecommerce/vendor/laravel/framework/src/Illuminate/Container/Container.php(758): Illuminate\\Container\\Container->build()
#6 /opt/lampp/htdocs/gitHub/react-laravel-ecommerce/api-laravel-ecommerce/vendor/laravel/framework/src/Illuminate/Foundation/Application.php(851): Illuminate\\Container\\Container->resolve()
#7 /opt/lampp/htdocs/gitHub/react-laravel-ecommerce/api-laravel-ecommerce/vendor/laravel/framework/src/Illuminate/Container/Container.php(694): Illuminate\\Foundation\\Application->resolve()
#8 /opt/lampp/htdocs/gitHub/react-laravel-ecommerce/api-laravel-ecommerce/vendor/laravel/framework/src/Illuminate/Foundation/Application.php(836): Illuminate\\Container\\Container->make()
#9 /opt/lampp/htdocs/gitHub/react-laravel-ecommerce/api-laravel-ecommerce/vendor/laravel/framework/src/Illuminate/Container/Container.php(1027): Illuminate\\Foundation\\Application->make()
#10 /opt/lampp/htdocs/gitHub/react-laravel-ecommerce/api-laravel-ecommerce/vendor/laravel/framework/src/Illuminate/Container/Container.php(947): Illuminate\\Container\\Container->resolveClass()
#11 /opt/lampp/htdocs/gitHub/react-laravel-ecommerce/api-laravel-ecommerce/vendor/laravel/framework/src/Illuminate/Container/Container.php(908): Illuminate\\Container\\Container->resolveDependencies()
#12 /opt/lampp/htdocs/gitHub/react-laravel-ecommerce/api-laravel-ecommerce/vendor/laravel/framework/src/Illuminate/Container/Container.php(758): Illuminate\\Container\\Container->build()
#13 /opt/lampp/htdocs/gitHub/react-laravel-ecommerce/api-laravel-ecommerce/vendor/laravel/framework/src/Illuminate/Foundation/Application.php(851): Illuminate\\Container\\Container->resolve()
#14 /opt/lampp/htdocs/gitHub/react-laravel-ecommerce/api-laravel-ecommerce/vendor/laravel/framework/src/Illuminate/Container/Container.php(694): Illuminate\\Foundation\\Application->resolve()
#15 /opt/lampp/htdocs/gitHub/react-laravel-ecommerce/api-laravel-ecommerce/vendor/laravel/framework/src/Illuminate/Foundation/Application.php(836): Illuminate\\Container\\Container->make()
#16 /opt/lampp/htdocs/gitHub/react-laravel-ecommerce/api-laravel-ecommerce/vendor/laravel/framework/src/Illuminate/Foundation/Http/Kernel.php(206): Illuminate\\Foundation\\Application->make()
#17 /opt/lampp/htdocs/gitHub/react-laravel-ecommerce/api-laravel-ecommerce/vendor/laravel/framework/src/Illuminate/Foundation/Http/Kernel.php(180): Illuminate\\Foundation\\Http\\Kernel->terminateMiddleware()
#18 /opt/lampp/htdocs/gitHub/react-laravel-ecommerce/api-laravel-ecommerce/public/index.php(55): Illuminate\\Foundation\\Http\\Kernel->terminate()
#19 /opt/lampp/htdocs/gitHub/react-laravel-ecommerce/api-laravel-ecommerce/server.php(21): require_once('/opt/lampp/htdo...')
#20 {main}
"} 
[2022-03-28 01:28:06] production.ERROR: No application encryption key has been specified. {"exception":"[object] (Illuminate\\Encryption\\MissingAppKeyException(code: 0): No application encryption key has been specified. at /opt/lampp/htdocs/gitHub/react-laravel-ecommerce/api-laravel-ecommerce/vendor/laravel/framework/src/Illuminate/Encryption/EncryptionServiceProvider.php:101)
[stacktrace]
#0 /opt/lampp/htdocs/gitHub/react-laravel-ecommerce/api-laravel-ecommerce/vendor/laravel/framework/src/Illuminate/Support/helpers.php(263): Illuminate\\Encryption\\EncryptionServiceProvider->Illuminate\\Encryption\\{closure}()
#1 /opt/lampp/htdocs/gitHub/react-laravel-ecommerce/api-laravel-ecommerce/vendor/laravel/framework/src/Illuminate/Encryption/EncryptionServiceProvider.php(103): tap()
#2 /opt/lampp/htdocs/gitHub/react-laravel-ecommerce/api-laravel-ecommerce/vendor/laravel/framework/src/Illuminate/Encryption/EncryptionServiceProvider.php(82): Illuminate\\Encryption\\EncryptionServiceProvider->key()
#3 /opt/lampp/htdocs/gitHub/react-laravel-ecommerce/api-laravel-ecommerce/vendor/laravel/framework/src/Illuminate/Encryption/EncryptionServiceProvider.php(34): Illuminate\\Encryption\\EncryptionServiceProvider->parseKey()
#4 /opt/lampp/htdocs/gitHub/react-laravel-ecommerce/api-laravel-ecommerce/vendor/laravel/framework/src/Illuminate/Container/Container.php(873): Illuminate\\Encryption\\EncryptionServiceProvider->Illuminate\\Encryption\\{closure}()
#5 /opt/lampp/htdocs/gitHub/react-laravel-ecommerce/api-laravel-ecommerce/vendor/laravel/framework/src/Illuminate/Container/Container.php(758): Illuminate\\Container\\Container->build()
#6 /opt/lampp/htdocs/gitHub/react-laravel-ecommerce/api-laravel-ecommerce/vendor/laravel/framework/src/Illuminate/Foundation/Application.php(851): Illuminate\\Container\\Container->resolve()
#7 /opt/lampp/htdocs/gitHub/react-laravel-ecommerce/api-laravel-ecommerce/vendor/laravel/framework/src/Illuminate/Container/Container.php(694): Illuminate\\Foundation\\Application->resolve()
#8 /opt/lampp/htdocs/gitHub/react-laravel-ecommerce/api-laravel-ecommerce/vendor/laravel/framework/src/Illuminate/Foundation/Application.php(836): Illuminate\\Container\\Container->make()
#9 /opt/lampp/htdocs/gitHub/react-laravel-ecommerce/api-laravel-ecommerce/vendor/laravel/framework/src/Illuminate/Container/Container.php(1027): Illuminate\\Foundation\\Application->make()
#10 /opt/lampp/htdocs/gitHub/react-laravel-ecommerce/api-laravel-ecommerce/vendor/laravel/framework/src/Illuminate/Container/Container.php(947): Illuminate\\Container\\Container->resolveClass()
#11 /opt/lampp/htdocs/gitHub/react-laravel-ecommerce/api-laravel-ecommerce/vendor/laravel/framework/src/Illuminate/Container/Container.php(908): Illuminate\\Container\\Container->resolveDependencies()
#12 /opt/lampp/htdocs/gitHub/react-laravel-ecommerce/api-laravel-ecommerce/vendor/laravel/framework/src/Illuminate/Container/Container.php(758): Illuminate\\Container\\Container->build()
#13 /opt/lampp/htdocs/gitHub/react-laravel-ecommerce/api-laravel-ecommerce/vendor/laravel/framework/src/Illuminate/Foundation/Application.php(851): Illuminate\\Container\\Container->resolve()
#14 /opt/lampp/htdocs/gitHub/react-laravel-ecommerce/api-laravel-ecommerce/vendor/laravel/framework/src/Illuminate/Container/Container.php(694): Illuminate\\Foundation\\Application->resolve()
#15 /opt/lampp/htdocs/gitHub/react-laravel-ecommerce/api-laravel-ecommerce/vendor/laravel/framework/src/Illuminate/Foundation/Application.php(836): Illuminate\\Container\\Container->make()
#16 /opt/lampp/htdocs/gitHub/react-laravel-ecommerce/api-laravel-ecommerce/vendor/laravel/framework/src/Illuminate/Pipeline/Pipeline.php(156): Illuminate\\Foundation\\Application->make()
#17 /opt/lampp/htdocs/gitHub/react-laravel-ecommerce/api-laravel-ecommerce/vendor/laravel/framework/src/Illuminate/Pipeline/Pipeline.php(103): Illuminate\\Pipeline\\Pipeline->Illuminate\\Pipeline\\{closure}()
#18 /opt/lampp/htdocs/gitHub/react-laravel-ecommerce/api-laravel-ecommerce/vendor/laravel/framework/src/Illuminate/Routing/Router.php(723): Illuminate\\Pipeline\\Pipeline->then()
#19 /opt/lampp/htdocs/gitHub/react-laravel-ecommerce/api-laravel-ecommerce/vendor/laravel/framework/src/Illuminate/Routing/Router.php(698): Illuminate\\Routing\\Router->runRouteWithinStack()
#20 /opt/lampp/htdocs/gitHub/react-laravel-ecommerce/api-laravel-ecommerce/vendor/laravel/framework/src/Illuminate/Routing/Router.php(662): Illuminate\\Routing\\Router->runRoute()
#21 /opt/lampp/htdocs/gitHub/react-laravel-ecommerce/api-laravel-ecommerce/vendor/laravel/framework/src/Illuminate/Routing/Router.php(651): Illuminate\\Routing\\Router->dispatchToRoute()
#22 /opt/lampp/htdocs/gitHub/react-laravel-ecommerce/api-laravel-ecommerce/vendor/laravel/framework/src/Illuminate/Foundation/Http/Kernel.php(167): Illuminate\\Routing\\Router->dispatch()
#23 /opt/lampp/htdocs/gitHub/react-laravel-ecommerce/api-laravel-ecommerce/vendor/laravel/framework/src/Illuminate/Pipeline/Pipeline.php(128): Illuminate\\Foundation\\Http\\Kernel->Illuminate\\Foundation\\Http\\{closure}()
#24 /opt/lampp/htdocs/gitHub/react-laravel-ecommerce/api-laravel-ecommerce/vendor/laravel/framework/src/Illuminate/Foundation/Http/Middleware/TransformsRequest.php(21): Illuminate\\Pipeline\\Pipeline->Illuminate\\Pipeline\\{closure}()
#25 /opt/lampp/htdocs/gitHub/react-laravel-ecommerce/api-laravel-ecommerce/vendor/laravel/framework/src/Illuminate/Foundation/Http/Middleware/ConvertEmptyStringsToNull.php(31): Illuminate\\Foundation\\Http\\Middleware\\TransformsRequest->handle()
#26 /opt/lampp/htdocs/gitHub/react-laravel-ecommerce/api-laravel-ecommerce/vendor/laravel/framework/src/Illuminate/Pipeline/Pipeline.php(167): Illuminate\\Foundation\\Http\\Middleware\\ConvertEmptyStringsToNull->handle()
#27 /opt/lampp/htdocs/gitHub/react-laravel-ecommerce/api-laravel-ecommerce/vendor/laravel/framework/src/Illuminate/Foundation/Http/Middleware/TransformsRequest.php(21): Illuminate\\Pipeline\\Pipeline->Illuminate\\Pipeline\\{closure}()
#28 /opt/lampp/htdocs/gitHub/react-laravel-ecommerce/api-laravel-ecommerce/vendor/laravel/framework/src/Illuminate/Foundation/Http/Middleware/TrimStrings.php(40): Illuminate\\Foundation\\Http\\Middleware\\TransformsRequest->handle()
#29 /opt/lampp/htdocs/gitHub/react-laravel-ecommerce/api-laravel-ecommerce/vendor/laravel/framework/src/Illuminate/Pipeline/Pipeline.php(167): Illuminate\\Foundation\\Http\\Middleware\\TrimStrings->handle()
#30 /opt/lampp/htdocs/gitHub/react-laravel-ecommerce/api-laravel-ecommerce/vendor/laravel/framework/src/Illuminate/Foundation/Http/Middleware/ValidatePostSize.php(27): Illuminate\\Pipeline\\Pipeline->Illuminate\\Pipeline\\{closure}()
#31 /opt/lampp/htdocs/gitHub/react-laravel-ecommerce/api-laravel-ecommerce/vendor/laravel/framework/src/Illuminate/Pipeline/Pipeline.php(167): Illuminate\\Foundation\\Http\\Middleware\\ValidatePostSize->handle()
#32 /opt/lampp/htdocs/gitHub/react-laravel-ecommerce/api-laravel-ecommerce/vendor/laravel/framework/src/Illuminate/Foundation/Http/Middleware/PreventRequestsDuringMaintenance.php(86): Illuminate\\Pipeline\\Pipeline->Illuminate\\Pipeline\\{closure}()
#33 /opt/lampp/htdocs/gitHub/react-laravel-ecommerce/api-laravel-ecommerce/vendor/laravel/framework/src/Illuminate/Pipeline/Pipeline.php(167): Illuminate\\Foundation\\Http\\Middleware\\PreventRequestsDuringMaintenance->handle()
#34 /opt/lampp/htdocs/gitHub/react-laravel-ecommerce/api-laravel-ecommerce/vendor/fruitcake/laravel-cors/src/HandleCors.php(38): Illuminate\\Pipeline\\Pipeline->Illuminate\\Pipeline\\{closure}()
#35 /opt/lampp/htdocs/gitHub/react-laravel-ecommerce/api-laravel-ecommerce/vendor/laravel/framework/src/Illuminate/Pipeline/Pipeline.php(167): Fruitcake\\Cors\\HandleCors->handle()
#36 /opt/lampp/htdocs/gitHub/react-laravel-ecommerce/api-laravel-ecommerce/vendor/laravel/framework/src/Illuminate/Http/Middleware/TrustProxies.php(39): Illuminate\\Pipeline\\Pipeline->Illuminate\\Pipeline\\{closure}()
#37 /opt/lampp/htdocs/gitHub/react-laravel-ecommerce/api-laravel-ecommerce/vendor/laravel/framework/src/Illuminate/Pipeline/Pipeline.php(167): Illuminate\\Http\\Middleware\\TrustProxies->handle()
#38 /opt/lampp/htdocs/gitHub/react-laravel-ecommerce/api-laravel-ecommerce/vendor/laravel/framework/src/Illuminate/Pipeline/Pipeline.php(103): Illuminate\\Pipeline\\Pipeline->Illuminate\\Pipeline\\{closure}()
#39 /opt/lampp/htdocs/gitHub/react-laravel-ecommerce/api-laravel-ecommerce/vendor/laravel/framework/src/Illuminate/Foundation/Http/Kernel.php(142): Illuminate\\Pipeline\\Pipeline->then()
#40 /opt/lampp/htdocs/gitHub/react-laravel-ecommerce/api-laravel-ecommerce/vendor/laravel/framework/src/Illuminate/Foundation/Http/Kernel.php(111): Illuminate\\Foundation\\Http\\Kernel->sendRequestThroughRouter()
#41 /opt/lampp/htdocs/gitHub/react-laravel-ecommerce/api-laravel-ecommerce/public/index.php(52): Illuminate\\Foundation\\Http\\Kernel->handle()
#42 /opt/lampp/htdocs/gitHub/react-laravel-ecommerce/api-laravel-ecommerce/server.php(21): require_once('/opt/lampp/htdo...')
#43 {main}
"} 
[2022-03-28 01:28:06] production.ERROR: No application encryption key has been specified. {"exception":"[object] (Illuminate\\Encryption\\MissingAppKeyException(code: 0): No application encryption key has been specified. at /opt/lampp/htdocs/gitHub/react-laravel-ecommerce/api-laravel-ecommerce/vendor/laravel/framework/src/Illuminate/Encryption/EncryptionServiceProvider.php:101)
[stacktrace]
#0 /opt/lampp/htdocs/gitHub/react-laravel-ecommerce/api-laravel-ecommerce/vendor/laravel/framework/src/Illuminate/Support/helpers.php(263): Illuminate\\Encryption\\EncryptionServiceProvider->Illuminate\\Encryption\\{closure}()
#1 /opt/lampp/htdocs/gitHub/react-laravel-ecommerce/api-laravel-ecommerce/vendor/laravel/framework/src/Illuminate/Encryption/EncryptionServiceProvider.php(103): tap()
#2 /opt/lampp/htdocs/gitHub/react-laravel-ecommerce/api-laravel-ecommerce/vendor/laravel/framework/src/Illuminate/Encryption/EncryptionServiceProvider.php(82): Illuminate\\Encryption\\EncryptionServiceProvider->key()
#3 /opt/lampp/htdocs/gitHub/react-laravel-ecommerce/api-laravel-ecommerce/vendor/laravel/framework/src/Illuminate/Encryption/EncryptionServiceProvider.php(34): Illuminate\\Encryption\\EncryptionServiceProvider->parseKey()
#4 /opt/lampp/htdocs/gitHub/react-laravel-ecommerce/api-laravel-ecommerce/vendor/laravel/framework/src/Illuminate/Container/Container.php(873): Illuminate\\Encryption\\EncryptionServiceProvider->Illuminate\\Encryption\\{closure}()
#5 /opt/lampp/htdocs/gitHub/react-laravel-ecommerce/api-laravel-ecommerce/vendor/laravel/framework/src/Illuminate/Container/Container.php(758): Illuminate\\Container\\Container->build()
#6 /opt/lampp/htdocs/gitHub/react-laravel-ecommerce/api-laravel-ecommerce/vendor/laravel/framework/src/Illuminate/Foundation/Application.php(851): Illuminate\\Container\\Container->resolve()
#7 /opt/lampp/htdocs/gitHub/react-laravel-ecommerce/api-laravel-ecommerce/vendor/laravel/framework/src/Illuminate/Container/Container.php(694): Illuminate\\Foundation\\Application->resolve()
#8 /opt/lampp/htdocs/gitHub/react-laravel-ecommerce/api-laravel-ecommerce/vendor/laravel/framework/src/Illuminate/Foundation/Application.php(836): Illuminate\\Container\\Container->make()
#9 /opt/lampp/htdocs/gitHub/react-laravel-ecommerce/api-laravel-ecommerce/vendor/laravel/framework/src/Illuminate/Container/Container.php(1027): Illuminate\\Foundation\\Application->make()
#10 /opt/lampp/htdocs/gitHub/react-laravel-ecommerce/api-laravel-ecommerce/vendor/laravel/framework/src/Illuminate/Container/Container.php(947): Illuminate\\Container\\Container->resolveClass()
#11 /opt/lampp/htdocs/gitHub/react-laravel-ecommerce/api-laravel-ecommerce/vendor/laravel/framework/src/Illuminate/Container/Container.php(908): Illuminate\\Container\\Container->resolveDependencies()
#12 /opt/lampp/htdocs/gitHub/react-laravel-ecommerce/api-laravel-ecommerce/vendor/laravel/framework/src/Illuminate/Container/Container.php(758): Illuminate\\Container\\Container->build()
#13 /opt/lampp/htdocs/gitHub/react-laravel-ecommerce/api-laravel-ecommerce/vendor/laravel/framework/src/Illuminate/Foundation/Application.php(851): Illuminate\\Container\\Container->resolve()
#14 /opt/lampp/htdocs/gitHub/react-laravel-ecommerce/api-laravel-ecommerce/vendor/laravel/framework/src/Illuminate/Container/Container.php(694): Illuminate\\Foundation\\Application->resolve()
#15 /opt/lampp/htdocs/gitHub/react-laravel-ecommerce/api-laravel-ecommerce/vendor/laravel/framework/src/Illuminate/Foundation/Application.php(836): Illuminate\\Container\\Container->make()
#16 /opt/lampp/htdocs/gitHub/react-laravel-ecommerce/api-laravel-ecommerce/vendor/laravel/framework/src/Illuminate/Foundation/Http/Kernel.php(206): Illuminate\\Foundation\\Application->make()
#17 /opt/lampp/htdocs/gitHub/react-laravel-ecommerce/api-laravel-ecommerce/vendor/laravel/framework/src/Illuminate/Foundation/Http/Kernel.php(180): Illuminate\\Foundation\\Http\\Kernel->terminateMiddleware()
#18 /opt/lampp/htdocs/gitHub/react-laravel-ecommerce/api-laravel-ecommerce/public/index.php(55): Illuminate\\Foundation\\Http\\Kernel->terminate()
#19 /opt/lampp/htdocs/gitHub/react-laravel-ecommerce/api-laravel-ecommerce/server.php(21): require_once('/opt/lampp/htdo...')
#20 {main}
"} 
[2022-03-28 01:32:21] production.ERROR: No application encryption key has been specified. {"exception":"[object] (Illuminate\\Encryption\\MissingAppKeyException(code: 0): No application encryption key has been specified. at /opt/lampp/htdocs/gitHub/react-laravel-ecommerce/api-laravel-ecommerce/vendor/laravel/framework/src/Illuminate/Encryption/EncryptionServiceProvider.php:101)
[stacktrace]
#0 /opt/lampp/htdocs/gitHub/react-laravel-ecommerce/api-laravel-ecommerce/vendor/laravel/framework/src/Illuminate/Support/helpers.php(263): Illuminate\\Encryption\\EncryptionServiceProvider->Illuminate\\Encryption\\{closure}()
#1 /opt/lampp/htdocs/gitHub/react-laravel-ecommerce/api-laravel-ecommerce/vendor/laravel/framework/src/Illuminate/Encryption/EncryptionServiceProvider.php(103): tap()
#2 /opt/lampp/htdocs/gitHub/react-laravel-ecommerce/api-laravel-ecommerce/vendor/laravel/framework/src/Illuminate/Encryption/EncryptionServiceProvider.php(82): Illuminate\\Encryption\\EncryptionServiceProvider->key()
#3 /opt/lampp/htdocs/gitHub/react-laravel-ecommerce/api-laravel-ecommerce/vendor/laravel/framework/src/Illuminate/Encryption/EncryptionServiceProvider.php(34): Illuminate\\Encryption\\EncryptionServiceProvider->parseKey()
#4 /opt/lampp/htdocs/gitHub/react-laravel-ecommerce/api-laravel-ecommerce/vendor/laravel/framework/src/Illuminate/Container/Container.php(873): Illuminate\\Encryption\\EncryptionServiceProvider->Illuminate\\Encryption\\{closure}()
#5 /opt/lampp/htdocs/gitHub/react-laravel-ecommerce/api-laravel-ecommerce/vendor/laravel/framework/src/Illuminate/Container/Container.php(758): Illuminate\\Container\\Container->build()
#6 /opt/lampp/htdocs/gitHub/react-laravel-ecommerce/api-laravel-ecommerce/vendor/laravel/framework/src/Illuminate/Foundation/Application.php(851): Illuminate\\Container\\Container->resolve()
#7 /opt/lampp/htdocs/gitHub/react-laravel-ecommerce/api-laravel-ecommerce/vendor/laravel/framework/src/Illuminate/Container/Container.php(694): Illuminate\\Foundation\\Application->resolve()
#8 /opt/lampp/htdocs/gitHub/react-laravel-ecommerce/api-laravel-ecommerce/vendor/laravel/framework/src/Illuminate/Foundation/Application.php(836): Illuminate\\Container\\Container->make()
#9 /opt/lampp/htdocs/gitHub/react-laravel-ecommerce/api-laravel-ecommerce/vendor/laravel/framework/src/Illuminate/Container/Container.php(1027): Illuminate\\Foundation\\Application->make()
#10 /opt/lampp/htdocs/gitHub/react-laravel-ecommerce/api-laravel-ecommerce/vendor/laravel/framework/src/Illuminate/Container/Container.php(947): Illuminate\\Container\\Container->resolveClass()
#11 /opt/lampp/htdocs/gitHub/react-laravel-ecommerce/api-laravel-ecommerce/vendor/laravel/framework/src/Illuminate/Container/Container.php(908): Illuminate\\Container\\Container->resolveDependencies()
#12 /opt/lampp/htdocs/gitHub/react-laravel-ecommerce/api-laravel-ecommerce/vendor/laravel/framework/src/Illuminate/Container/Container.php(758): Illuminate\\Container\\Container->build()
#13 /opt/lampp/htdocs/gitHub/react-laravel-ecommerce/api-laravel-ecommerce/vendor/laravel/framework/src/Illuminate/Foundation/Application.php(851): Illuminate\\Container\\Container->resolve()
#14 /opt/lampp/htdocs/gitHub/react-laravel-ecommerce/api-laravel-ecommerce/vendor/laravel/framework/src/Illuminate/Container/Container.php(694): Illuminate\\Foundation\\Application->resolve()
#15 /opt/lampp/htdocs/gitHub/react-laravel-ecommerce/api-laravel-ecommerce/vendor/laravel/framework/src/Illuminate/Foundation/Application.php(836): Illuminate\\Container\\Container->make()
#16 /opt/lampp/htdocs/gitHub/react-laravel-ecommerce/api-laravel-ecommerce/vendor/laravel/framework/src/Illuminate/Pipeline/Pipeline.php(156): Illuminate\\Foundation\\Application->make()
#17 /opt/lampp/htdocs/gitHub/react-laravel-ecommerce/api-laravel-ecommerce/vendor/laravel/framework/src/Illuminate/Pipeline/Pipeline.php(103): Illuminate\\Pipeline\\Pipeline->Illuminate\\Pipeline\\{closure}()
#18 /opt/lampp/htdocs/gitHub/react-laravel-ecommerce/api-laravel-ecommerce/vendor/laravel/framework/src/Illuminate/Routing/Router.php(723): Illuminate\\Pipeline\\Pipeline->then()
#19 /opt/lampp/htdocs/gitHub/react-laravel-ecommerce/api-laravel-ecommerce/vendor/laravel/framework/src/Illuminate/Routing/Router.php(698): Illuminate\\Routing\\Router->runRouteWithinStack()
#20 /opt/lampp/htdocs/gitHub/react-laravel-ecommerce/api-laravel-ecommerce/vendor/laravel/framework/src/Illuminate/Routing/Router.php(662): Illuminate\\Routing\\Router->runRoute()
#21 /opt/lampp/htdocs/gitHub/react-laravel-ecommerce/api-laravel-ecommerce/vendor/laravel/framework/src/Illuminate/Routing/Router.php(651): Illuminate\\Routing\\Router->dispatchToRoute()
#22 /opt/lampp/htdocs/gitHub/react-laravel-ecommerce/api-laravel-ecommerce/vendor/laravel/framework/src/Illuminate/Foundation/Http/Kernel.php(167): Illuminate\\Routing\\Router->dispatch()
#23 /opt/lampp/htdocs/gitHub/react-laravel-ecommerce/api-laravel-ecommerce/vendor/laravel/framework/src/Illuminate/Pipeline/Pipeline.php(128): Illuminate\\Foundation\\Http\\Kernel->Illuminate\\Foundation\\Http\\{closure}()
#24 /opt/lampp/htdocs/gitHub/react-laravel-ecommerce/api-laravel-ecommerce/vendor/laravel/framework/src/Illuminate/Foundation/Http/Middleware/TransformsRequest.php(21): Illuminate\\Pipeline\\Pipeline->Illuminate\\Pipeline\\{closure}()
#25 /opt/lampp/htdocs/gitHub/react-laravel-ecommerce/api-laravel-ecommerce/vendor/laravel/framework/src/Illuminate/Foundation/Http/Middleware/ConvertEmptyStringsToNull.php(31): Illuminate\\Foundation\\Http\\Middleware\\TransformsRequest->handle()
#26 /opt/lampp/htdocs/gitHub/react-laravel-ecommerce/api-laravel-ecommerce/vendor/laravel/framework/src/Illuminate/Pipeline/Pipeline.php(167): Illuminate\\Foundation\\Http\\Middleware\\ConvertEmptyStringsToNull->handle()
#27 /opt/lampp/htdocs/gitHub/react-laravel-ecommerce/api-laravel-ecommerce/vendor/laravel/framework/src/Illuminate/Foundation/Http/Middleware/TransformsRequest.php(21): Illuminate\\Pipeline\\Pipeline->Illuminate\\Pipeline\\{closure}()
#28 /opt/lampp/htdocs/gitHub/react-laravel-ecommerce/api-laravel-ecommerce/vendor/laravel/framework/src/Illuminate/Foundation/Http/Middleware/TrimStrings.php(40): Illuminate\\Foundation\\Http\\Middleware\\TransformsRequest->handle()
#29 /opt/lampp/htdocs/gitHub/react-laravel-ecommerce/api-laravel-ecommerce/vendor/laravel/framework/src/Illuminate/Pipeline/Pipeline.php(167): Illuminate\\Foundation\\Http\\Middleware\\TrimStrings->handle()
#30 /opt/lampp/htdocs/gitHub/react-laravel-ecommerce/api-laravel-ecommerce/vendor/laravel/framework/src/Illuminate/Foundation/Http/Middleware/ValidatePostSize.php(27): Illuminate\\Pipeline\\Pipeline->Illuminate\\Pipeline\\{closure}()
#31 /opt/lampp/htdocs/gitHub/react-laravel-ecommerce/api-laravel-ecommerce/vendor/laravel/framework/src/Illuminate/Pipeline/Pipeline.php(167): Illuminate\\Foundation\\Http\\Middleware\\ValidatePostSize->handle()
#32 /opt/lampp/htdocs/gitHub/react-laravel-ecommerce/api-laravel-ecommerce/vendor/laravel/framework/src/Illuminate/Foundation/Http/Middleware/PreventRequestsDuringMaintenance.php(86): Illuminate\\Pipeline\\Pipeline->Illuminate\\Pipeline\\{closure}()
#33 /opt/lampp/htdocs/gitHub/react-laravel-ecommerce/api-laravel-ecommerce/vendor/laravel/framework/src/Illuminate/Pipeline/Pipeline.php(167): Illuminate\\Foundation\\Http\\Middleware\\PreventRequestsDuringMaintenance->handle()
#34 /opt/lampp/htdocs/gitHub/react-laravel-ecommerce/api-laravel-ecommerce/vendor/fruitcake/laravel-cors/src/HandleCors.php(38): Illuminate\\Pipeline\\Pipeline->Illuminate\\Pipeline\\{closure}()
#35 /opt/lampp/htdocs/gitHub/react-laravel-ecommerce/api-laravel-ecommerce/vendor/laravel/framework/src/Illuminate/Pipeline/Pipeline.php(167): Fruitcake\\Cors\\HandleCors->handle()
#36 /opt/lampp/htdocs/gitHub/react-laravel-ecommerce/api-laravel-ecommerce/vendor/laravel/framework/src/Illuminate/Http/Middleware/TrustProxies.php(39): Illuminate\\Pipeline\\Pipeline->Illuminate\\Pipeline\\{closure}()
#37 /opt/lampp/htdocs/gitHub/react-laravel-ecommerce/api-laravel-ecommerce/vendor/laravel/framework/src/Illuminate/Pipeline/Pipeline.php(167): Illuminate\\Http\\Middleware\\TrustProxies->handle()
#38 /opt/lampp/htdocs/gitHub/react-laravel-ecommerce/api-laravel-ecommerce/vendor/laravel/framework/src/Illuminate/Pipeline/Pipeline.php(103): Illuminate\\Pipeline\\Pipeline->Illuminate\\Pipeline\\{closure}()
#39 /opt/lampp/htdocs/gitHub/react-laravel-ecommerce/api-laravel-ecommerce/vendor/laravel/framework/src/Illuminate/Foundation/Http/Kernel.php(142): Illuminate\\Pipeline\\Pipeline->then()
#40 /opt/lampp/htdocs/gitHub/react-laravel-ecommerce/api-laravel-ecommerce/vendor/laravel/framework/src/Illuminate/Foundation/Http/Kernel.php(111): Illuminate\\Foundation\\Http\\Kernel->sendRequestThroughRouter()
#41 /opt/lampp/htdocs/gitHub/react-laravel-ecommerce/api-laravel-ecommerce/public/index.php(52): Illuminate\\Foundation\\Http\\Kernel->handle()
#42 /opt/lampp/htdocs/gitHub/react-laravel-ecommerce/api-laravel-ecommerce/server.php(21): require_once('/opt/lampp/htdo...')
#43 {main}
"} 
[2022-03-28 01:32:21] production.ERROR: No application encryption key has been specified. {"exception":"[object] (Illuminate\\Encryption\\MissingAppKeyException(code: 0): No application encryption key has been specified. at /opt/lampp/htdocs/gitHub/react-laravel-ecommerce/api-laravel-ecommerce/vendor/laravel/framework/src/Illuminate/Encryption/EncryptionServiceProvider.php:101)
[stacktrace]
#0 /opt/lampp/htdocs/gitHub/react-laravel-ecommerce/api-laravel-ecommerce/vendor/laravel/framework/src/Illuminate/Support/helpers.php(263): Illuminate\\Encryption\\EncryptionServiceProvider->Illuminate\\Encryption\\{closure}()
#1 /opt/lampp/htdocs/gitHub/react-laravel-ecommerce/api-laravel-ecommerce/vendor/laravel/framework/src/Illuminate/Encryption/EncryptionServiceProvider.php(103): tap()
#2 /opt/lampp/htdocs/gitHub/react-laravel-ecommerce/api-laravel-ecommerce/vendor/laravel/framework/src/Illuminate/Encryption/EncryptionServiceProvider.php(82): Illuminate\\Encryption\\EncryptionServiceProvider->key()
#3 /opt/lampp/htdocs/gitHub/react-laravel-ecommerce/api-laravel-ecommerce/vendor/laravel/framework/src/Illuminate/Encryption/EncryptionServiceProvider.php(34): Illuminate\\Encryption\\EncryptionServiceProvider->parseKey()
#4 /opt/lampp/htdocs/gitHub/react-laravel-ecommerce/api-laravel-ecommerce/vendor/laravel/framework/src/Illuminate/Container/Container.php(873): Illuminate\\Encryption\\EncryptionServiceProvider->Illuminate\\Encryption\\{closure}()
#5 /opt/lampp/htdocs/gitHub/react-laravel-ecommerce/api-laravel-ecommerce/vendor/laravel/framework/src/Illuminate/Container/Container.php(758): Illuminate\\Container\\Container->build()
#6 /opt/lampp/htdocs/gitHub/react-laravel-ecommerce/api-laravel-ecommerce/vendor/laravel/framework/src/Illuminate/Foundation/Application.php(851): Illuminate\\Container\\Container->resolve()
#7 /opt/lampp/htdocs/gitHub/react-laravel-ecommerce/api-laravel-ecommerce/vendor/laravel/framework/src/Illuminate/Container/Container.php(694): Illuminate\\Foundation\\Application->resolve()
#8 /opt/lampp/htdocs/gitHub/react-laravel-ecommerce/api-laravel-ecommerce/vendor/laravel/framework/src/Illuminate/Foundation/Application.php(836): Illuminate\\Container\\Container->make()
#9 /opt/lampp/htdocs/gitHub/react-laravel-ecommerce/api-laravel-ecommerce/vendor/laravel/framework/src/Illuminate/Container/Container.php(1027): Illuminate\\Foundation\\Application->make()
#10 /opt/lampp/htdocs/gitHub/react-laravel-ecommerce/api-laravel-ecommerce/vendor/laravel/framework/src/Illuminate/Container/Container.php(947): Illuminate\\Container\\Container->resolveClass()
#11 /opt/lampp/htdocs/gitHub/react-laravel-ecommerce/api-laravel-ecommerce/vendor/laravel/framework/src/Illuminate/Container/Container.php(908): Illuminate\\Container\\Container->resolveDependencies()
#12 /opt/lampp/htdocs/gitHub/react-laravel-ecommerce/api-laravel-ecommerce/vendor/laravel/framework/src/Illuminate/Container/Container.php(758): Illuminate\\Container\\Container->build()
#13 /opt/lampp/htdocs/gitHub/react-laravel-ecommerce/api-laravel-ecommerce/vendor/laravel/framework/src/Illuminate/Foundation/Application.php(851): Illuminate\\Container\\Container->resolve()
#14 /opt/lampp/htdocs/gitHub/react-laravel-ecommerce/api-laravel-ecommerce/vendor/laravel/framework/src/Illuminate/Container/Container.php(694): Illuminate\\Foundation\\Application->resolve()
#15 /opt/lampp/htdocs/gitHub/react-laravel-ecommerce/api-laravel-ecommerce/vendor/laravel/framework/src/Illuminate/Foundation/Application.php(836): Illuminate\\Container\\Container->make()
#16 /opt/lampp/htdocs/gitHub/react-laravel-ecommerce/api-laravel-ecommerce/vendor/laravel/framework/src/Illuminate/Foundation/Http/Kernel.php(206): Illuminate\\Foundation\\Application->make()
#17 /opt/lampp/htdocs/gitHub/react-laravel-ecommerce/api-laravel-ecommerce/vendor/laravel/framework/src/Illuminate/Foundation/Http/Kernel.php(180): Illuminate\\Foundation\\Http\\Kernel->terminateMiddleware()
#18 /opt/lampp/htdocs/gitHub/react-laravel-ecommerce/api-laravel-ecommerce/public/index.php(55): Illuminate\\Foundation\\Http\\Kernel->terminate()
#19 /opt/lampp/htdocs/gitHub/react-laravel-ecommerce/api-laravel-ecommerce/server.php(21): require_once('/opt/lampp/htdo...')
#20 {main}
"} 
[2022-03-28 01:41:00] production.ERROR: file_get_contents(/opt/lampp/htdocs/gitHub/react-laravel-ecommerce/api-laravel-ecommerce/.env): failed to open stream: No such file or directory {"exception":"[object] (ErrorException(code: 0): file_get_contents(/opt/lampp/htdocs/gitHub/react-laravel-ecommerce/api-laravel-ecommerce/.env): failed to open stream: No such file or directory at /opt/lampp/htdocs/gitHub/react-laravel-ecommerce/api-laravel-ecommerce/vendor/laravel/framework/src/Illuminate/Foundation/Console/KeyGenerateCommand.php:96)
[stacktrace]
#0 [internal function]: Illuminate\\Foundation\\Bootstrap\\HandleExceptions->handleError()
#1 /opt/lampp/htdocs/gitHub/react-laravel-ecommerce/api-laravel-ecommerce/vendor/laravel/framework/src/Illuminate/Foundation/Console/KeyGenerateCommand.php(96): file_get_contents()
#2 /opt/lampp/htdocs/gitHub/react-laravel-ecommerce/api-laravel-ecommerce/vendor/laravel/framework/src/Illuminate/Foundation/Console/KeyGenerateCommand.php(80): Illuminate\\Foundation\\Console\\KeyGenerateCommand->writeNewEnvironmentFileWith()
#3 /opt/lampp/htdocs/gitHub/react-laravel-ecommerce/api-laravel-ecommerce/vendor/laravel/framework/src/Illuminate/Foundation/Console/KeyGenerateCommand.php(45): Illuminate\\Foundation\\Console\\KeyGenerateCommand->setKeyInEnvironmentFile()
#4 /opt/lampp/htdocs/gitHub/react-laravel-ecommerce/api-laravel-ecommerce/vendor/laravel/framework/src/Illuminate/Container/BoundMethod.php(36): Illuminate\\Foundation\\Console\\KeyGenerateCommand->handle()
#5 /opt/lampp/htdocs/gitHub/react-laravel-ecommerce/api-laravel-ecommerce/vendor/laravel/framework/src/Illuminate/Container/Util.php(40): Illuminate\\Container\\BoundMethod::Illuminate\\Container\\{closure}()
#6 /opt/lampp/htdocs/gitHub/react-laravel-ecommerce/api-laravel-ecommerce/vendor/laravel/framework/src/Illuminate/Container/BoundMethod.php(93): Illuminate\\Container\\Util::unwrapIfClosure()
#7 /opt/lampp/htdocs/gitHub/react-laravel-ecommerce/api-laravel-ecommerce/vendor/laravel/framework/src/Illuminate/Container/BoundMethod.php(37): Illuminate\\Container\\BoundMethod::callBoundMethod()
#8 /opt/lampp/htdocs/gitHub/react-laravel-ecommerce/api-laravel-ecommerce/vendor/laravel/framework/src/Illuminate/Container/Container.php(653): Illuminate\\Container\\BoundMethod::call()
#9 /opt/lampp/htdocs/gitHub/react-laravel-ecommerce/api-laravel-ecommerce/vendor/laravel/framework/src/Illuminate/Console/Command.php(136): Illuminate\\Container\\Container->call()
#10 /opt/lampp/htdocs/gitHub/react-laravel-ecommerce/api-laravel-ecommerce/vendor/symfony/console/Command/Command.php(298): Illuminate\\Console\\Command->execute()
#11 /opt/lampp/htdocs/gitHub/react-laravel-ecommerce/api-laravel-ecommerce/vendor/laravel/framework/src/Illuminate/Console/Command.php(121): Symfony\\Component\\Console\\Command\\Command->run()
#12 /opt/lampp/htdocs/gitHub/react-laravel-ecommerce/api-laravel-ecommerce/vendor/symfony/console/Application.php(1015): Illuminate\\Console\\Command->run()
#13 /opt/lampp/htdocs/gitHub/react-laravel-ecommerce/api-laravel-ecommerce/vendor/symfony/console/Application.php(299): Symfony\\Component\\Console\\Application->doRunCommand()
#14 /opt/lampp/htdocs/gitHub/react-laravel-ecommerce/api-laravel-ecommerce/vendor/symfony/console/Application.php(171): Symfony\\Component\\Console\\Application->doRun()
#15 /opt/lampp/htdocs/gitHub/react-laravel-ecommerce/api-laravel-ecommerce/vendor/laravel/framework/src/Illuminate/Console/Application.php(94): Symfony\\Component\\Console\\Application->run()
#16 /opt/lampp/htdocs/gitHub/react-laravel-ecommerce/api-laravel-ecommerce/vendor/laravel/framework/src/Illuminate/Foundation/Console/Kernel.php(129): Illuminate\\Console\\Application->run()
#17 /opt/lampp/htdocs/gitHub/react-laravel-ecommerce/api-laravel-ecommerce/artisan(37): Illuminate\\Foundation\\Console\\Kernel->handle()
#18 {main}
"} 
[2022-03-28 01:41:18] production.ERROR: file_get_contents(/opt/lampp/htdocs/gitHub/react-laravel-ecommerce/api-laravel-ecommerce/.env): failed to open stream: No such file or directory {"exception":"[object] (ErrorException(code: 0): file_get_contents(/opt/lampp/htdocs/gitHub/react-laravel-ecommerce/api-laravel-ecommerce/.env): failed to open stream: No such file or directory at /opt/lampp/htdocs/gitHub/react-laravel-ecommerce/api-laravel-ecommerce/vendor/laravel/framework/src/Illuminate/Foundation/Console/KeyGenerateCommand.php:96)
[stacktrace]
#0 [internal function]: Illuminate\\Foundation\\Bootstrap\\HandleExceptions->handleError()
#1 /opt/lampp/htdocs/gitHub/react-laravel-ecommerce/api-laravel-ecommerce/vendor/laravel/framework/src/Illuminate/Foundation/Console/KeyGenerateCommand.php(96): file_get_contents()
#2 /opt/lampp/htdocs/gitHub/react-laravel-ecommerce/api-laravel-ecommerce/vendor/laravel/framework/src/Illuminate/Foundation/Console/KeyGenerateCommand.php(80): Illuminate\\Foundation\\Console\\KeyGenerateCommand->writeNewEnvironmentFileWith()
#3 /opt/lampp/htdocs/gitHub/react-laravel-ecommerce/api-laravel-ecommerce/vendor/laravel/framework/src/Illuminate/Foundation/Console/KeyGenerateCommand.php(45): Illuminate\\Foundation\\Console\\KeyGenerateCommand->setKeyInEnvironmentFile()
#4 /opt/lampp/htdocs/gitHub/react-laravel-ecommerce/api-laravel-ecommerce/vendor/laravel/framework/src/Illuminate/Container/BoundMethod.php(36): Illuminate\\Foundation\\Console\\KeyGenerateCommand->handle()
#5 /opt/lampp/htdocs/gitHub/react-laravel-ecommerce/api-laravel-ecommerce/vendor/laravel/framework/src/Illuminate/Container/Util.php(40): Illuminate\\Container\\BoundMethod::Illuminate\\Container\\{closure}()
#6 /opt/lampp/htdocs/gitHub/react-laravel-ecommerce/api-laravel-ecommerce/vendor/laravel/framework/src/Illuminate/Container/BoundMethod.php(93): Illuminate\\Container\\Util::unwrapIfClosure()
#7 /opt/lampp/htdocs/gitHub/react-laravel-ecommerce/api-laravel-ecommerce/vendor/laravel/framework/src/Illuminate/Container/BoundMethod.php(37): Illuminate\\Container\\BoundMethod::callBoundMethod()
#8 /opt/lampp/htdocs/gitHub/react-laravel-ecommerce/api-laravel-ecommerce/vendor/laravel/framework/src/Illuminate/Container/Container.php(653): Illuminate\\Container\\BoundMethod::call()
#9 /opt/lampp/htdocs/gitHub/react-laravel-ecommerce/api-laravel-ecommerce/vendor/laravel/framework/src/Illuminate/Console/Command.php(136): Illuminate\\Container\\Container->call()
#10 /opt/lampp/htdocs/gitHub/react-laravel-ecommerce/api-laravel-ecommerce/vendor/symfony/console/Command/Command.php(298): Illuminate\\Console\\Command->execute()
#11 /opt/lampp/htdocs/gitHub/react-laravel-ecommerce/api-laravel-ecommerce/vendor/laravel/framework/src/Illuminate/Console/Command.php(121): Symfony\\Component\\Console\\Command\\Command->run()
#12 /opt/lampp/htdocs/gitHub/react-laravel-ecommerce/api-laravel-ecommerce/vendor/symfony/console/Application.php(1015): Illuminate\\Console\\Command->run()
#13 /opt/lampp/htdocs/gitHub/react-laravel-ecommerce/api-laravel-ecommerce/vendor/symfony/console/Application.php(299): Symfony\\Component\\Console\\Application->doRunCommand()
#14 /opt/lampp/htdocs/gitHub/react-laravel-ecommerce/api-laravel-ecommerce/vendor/symfony/console/Application.php(171): Symfony\\Component\\Console\\Application->doRun()
#15 /opt/lampp/htdocs/gitHub/react-laravel-ecommerce/api-laravel-ecommerce/vendor/laravel/framework/src/Illuminate/Console/Application.php(94): Symfony\\Component\\Console\\Application->run()
#16 /opt/lampp/htdocs/gitHub/react-laravel-ecommerce/api-laravel-ecommerce/vendor/laravel/framework/src/Illuminate/Foundation/Console/Kernel.php(129): Illuminate\\Console\\Application->run()
#17 /opt/lampp/htdocs/gitHub/react-laravel-ecommerce/api-laravel-ecommerce/artisan(37): Illuminate\\Foundation\\Console\\Kernel->handle()
#18 {main}
"} 
[2022-03-28 01:42:06] local.ERROR: Your serialized closure might have been modified or it's unsafe to be unserialized. {"exception":"[object] (Laravel\\SerializableClosure\\Exceptions\\InvalidSignatureException(code: 0): Your serialized closure might have been modified or it's unsafe to be unserialized. at /opt/lampp/htdocs/gitHub/react-laravel-ecommerce/api-laravel-ecommerce/vendor/laravel/serializable-closure/src/SerializableClosure.php:123)
[stacktrace]
#0 [internal function]: Laravel\\SerializableClosure\\SerializableClosure->__unserialize()
#1 /opt/lampp/htdocs/gitHub/react-laravel-ecommerce/api-laravel-ecommerce/vendor/laravel/framework/src/Illuminate/Routing/RouteSignatureParameters.php(22): unserialize()
#2 /opt/lampp/htdocs/gitHub/react-laravel-ecommerce/api-laravel-ecommerce/vendor/laravel/framework/src/Illuminate/Routing/Route.php(514): Illuminate\\Routing\\RouteSignatureParameters::fromAction()
#3 /opt/lampp/htdocs/gitHub/react-laravel-ecommerce/api-laravel-ecommerce/vendor/laravel/framework/src/Illuminate/Routing/ImplicitRouteBinding.php(26): Illuminate\\Routing\\Route->signatureParameters()
#4 /opt/lampp/htdocs/gitHub/react-laravel-ecommerce/api-laravel-ecommerce/vendor/laravel/framework/src/Illuminate/Routing/Router.php(859): Illuminate\\Routing\\ImplicitRouteBinding::resolveForRoute()
#5 /opt/lampp/htdocs/gitHub/react-laravel-ecommerce/api-laravel-ecommerce/vendor/laravel/framework/src/Illuminate/Routing/Middleware/SubstituteBindings.php(41): Illuminate\\Routing\\Router->substituteImplicitBindings()
#6 /opt/lampp/htdocs/gitHub/react-laravel-ecommerce/api-laravel-ecommerce/vendor/laravel/framework/src/Illuminate/Pipeline/Pipeline.php(167): Illuminate\\Routing\\Middleware\\SubstituteBindings->handle()
#7 /opt/lampp/htdocs/gitHub/react-laravel-ecommerce/api-laravel-ecommerce/vendor/laravel/framework/src/Illuminate/Foundation/Http/Middleware/VerifyCsrfToken.php(78): Illuminate\\Pipeline\\Pipeline->Illuminate\\Pipeline\\{closure}()
#8 /opt/lampp/htdocs/gitHub/react-laravel-ecommerce/api-laravel-ecommerce/vendor/laravel/framework/src/Illuminate/Pipeline/Pipeline.php(167): Illuminate\\Foundation\\Http\\Middleware\\VerifyCsrfToken->handle()
#9 /opt/lampp/htdocs/gitHub/react-laravel-ecommerce/api-laravel-ecommerce/vendor/laravel/framework/src/Illuminate/View/Middleware/ShareErrorsFromSession.php(49): Illuminate\\Pipeline\\Pipeline->Illuminate\\Pipeline\\{closure}()
#10 /opt/lampp/htdocs/gitHub/react-laravel-ecommerce/api-laravel-ecommerce/vendor/laravel/framework/src/Illuminate/Pipeline/Pipeline.php(167): Illuminate\\View\\Middleware\\ShareErrorsFromSession->handle()
#11 /opt/lampp/htdocs/gitHub/react-laravel-ecommerce/api-laravel-ecommerce/vendor/laravel/framework/src/Illuminate/Session/Middleware/StartSession.php(121): Illuminate\\Pipeline\\Pipeline->Illuminate\\Pipeline\\{closure}()
#12 /opt/lampp/htdocs/gitHub/react-laravel-ecommerce/api-laravel-ecommerce/vendor/laravel/framework/src/Illuminate/Session/Middleware/StartSession.php(64): Illuminate\\Session\\Middleware\\StartSession->handleStatefulRequest()
#13 /opt/lampp/htdocs/gitHub/react-laravel-ecommerce/api-laravel-ecommerce/vendor/laravel/framework/src/Illuminate/Pipeline/Pipeline.php(167): Illuminate\\Session\\Middleware\\StartSession->handle()
#14 /opt/lampp/htdocs/gitHub/react-laravel-ecommerce/api-laravel-ecommerce/vendor/laravel/framework/src/Illuminate/Cookie/Middleware/AddQueuedCookiesToResponse.php(37): Illuminate\\Pipeline\\Pipeline->Illuminate\\Pipeline\\{closure}()
#15 /opt/lampp/htdocs/gitHub/react-laravel-ecommerce/api-laravel-ecommerce/vendor/laravel/framework/src/Illuminate/Pipeline/Pipeline.php(167): Illuminate\\Cookie\\Middleware\\AddQueuedCookiesToResponse->handle()
#16 /opt/lampp/htdocs/gitHub/react-laravel-ecommerce/api-laravel-ecommerce/vendor/laravel/framework/src/Illuminate/Cookie/Middleware/EncryptCookies.php(67): Illuminate\\Pipeline\\Pipeline->Illuminate\\Pipeline\\{closure}()
#17 /opt/lampp/htdocs/gitHub/react-laravel-ecommerce/api-laravel-ecommerce/vendor/laravel/framework/src/Illuminate/Pipeline/Pipeline.php(167): Illuminate\\Cookie\\Middleware\\EncryptCookies->handle()
#18 /opt/lampp/htdocs/gitHub/react-laravel-ecommerce/api-laravel-ecommerce/vendor/laravel/framework/src/Illuminate/Pipeline/Pipeline.php(103): Illuminate\\Pipeline\\Pipeline->Illuminate\\Pipeline\\{closure}()
#19 /opt/lampp/htdocs/gitHub/react-laravel-ecommerce/api-laravel-ecommerce/vendor/laravel/framework/src/Illuminate/Routing/Router.php(723): Illuminate\\Pipeline\\Pipeline->then()
#20 /opt/lampp/htdocs/gitHub/react-laravel-ecommerce/api-laravel-ecommerce/vendor/laravel/framework/src/Illuminate/Routing/Router.php(698): Illuminate\\Routing\\Router->runRouteWithinStack()
#21 /opt/lampp/htdocs/gitHub/react-laravel-ecommerce/api-laravel-ecommerce/vendor/laravel/framework/src/Illuminate/Routing/Router.php(662): Illuminate\\Routing\\Router->runRoute()
#22 /opt/lampp/htdocs/gitHub/react-laravel-ecommerce/api-laravel-ecommerce/vendor/laravel/framework/src/Illuminate/Routing/Router.php(651): Illuminate\\Routing\\Router->dispatchToRoute()
#23 /opt/lampp/htdocs/gitHub/react-laravel-ecommerce/api-laravel-ecommerce/vendor/laravel/framework/src/Illuminate/Foundation/Http/Kernel.php(167): Illuminate\\Routing\\Router->dispatch()
#24 /opt/lampp/htdocs/gitHub/react-laravel-ecommerce/api-laravel-ecommerce/vendor/laravel/framework/src/Illuminate/Pipeline/Pipeline.php(128): Illuminate\\Foundation\\Http\\Kernel->Illuminate\\Foundation\\Http\\{closure}()
#25 /opt/lampp/htdocs/gitHub/react-laravel-ecommerce/api-laravel-ecommerce/vendor/laravel/framework/src/Illuminate/Foundation/Http/Middleware/TransformsRequest.php(21): Illuminate\\Pipeline\\Pipeline->Illuminate\\Pipeline\\{closure}()
#26 /opt/lampp/htdocs/gitHub/react-laravel-ecommerce/api-laravel-ecommerce/vendor/laravel/framework/src/Illuminate/Foundation/Http/Middleware/ConvertEmptyStringsToNull.php(31): Illuminate\\Foundation\\Http\\Middleware\\TransformsRequest->handle()
#27 /opt/lampp/htdocs/gitHub/react-laravel-ecommerce/api-laravel-ecommerce/vendor/laravel/framework/src/Illuminate/Pipeline/Pipeline.php(167): Illuminate\\Foundation\\Http\\Middleware\\ConvertEmptyStringsToNull->handle()
#28 /opt/lampp/htdocs/gitHub/react-laravel-ecommerce/api-laravel-ecommerce/vendor/laravel/framework/src/Illuminate/Foundation/Http/Middleware/TransformsRequest.php(21): Illuminate\\Pipeline\\Pipeline->Illuminate\\Pipeline\\{closure}()
#29 /opt/lampp/htdocs/gitHub/react-laravel-ecommerce/api-laravel-ecommerce/vendor/laravel/framework/src/Illuminate/Foundation/Http/Middleware/TrimStrings.php(40): Illuminate\\Foundation\\Http\\Middleware\\TransformsRequest->handle()
#30 /opt/lampp/htdocs/gitHub/react-laravel-ecommerce/api-laravel-ecommerce/vendor/laravel/framework/src/Illuminate/Pipeline/Pipeline.php(167): Illuminate\\Foundation\\Http\\Middleware\\TrimStrings->handle()
#31 /opt/lampp/htdocs/gitHub/react-laravel-ecommerce/api-laravel-ecommerce/vendor/laravel/framework/src/Illuminate/Foundation/Http/Middleware/ValidatePostSize.php(27): Illuminate\\Pipeline\\Pipeline->Illuminate\\Pipeline\\{closure}()
#32 /opt/lampp/htdocs/gitHub/react-laravel-ecommerce/api-laravel-ecommerce/vendor/laravel/framework/src/Illuminate/Pipeline/Pipeline.php(167): Illuminate\\Foundation\\Http\\Middleware\\ValidatePostSize->handle()
#33 /opt/lampp/htdocs/gitHub/react-laravel-ecommerce/api-laravel-ecommerce/vendor/laravel/framework/src/Illuminate/Foundation/Http/Middleware/PreventRequestsDuringMaintenance.php(86): Illuminate\\Pipeline\\Pipeline->Illuminate\\Pipeline\\{closure}()
#34 /opt/lampp/htdocs/gitHub/react-laravel-ecommerce/api-laravel-ecommerce/vendor/laravel/framework/src/Illuminate/Pipeline/Pipeline.php(167): Illuminate\\Foundation\\Http\\Middleware\\PreventRequestsDuringMaintenance->handle()
#35 /opt/lampp/htdocs/gitHub/react-laravel-ecommerce/api-laravel-ecommerce/vendor/fruitcake/laravel-cors/src/HandleCors.php(38): Illuminate\\Pipeline\\Pipeline->Illuminate\\Pipeline\\{closure}()
#36 /opt/lampp/htdocs/gitHub/react-laravel-ecommerce/api-laravel-ecommerce/vendor/laravel/framework/src/Illuminate/Pipeline/Pipeline.php(167): Fruitcake\\Cors\\HandleCors->handle()
#37 /opt/lampp/htdocs/gitHub/react-laravel-ecommerce/api-laravel-ecommerce/vendor/laravel/framework/src/Illuminate/Http/Middleware/TrustProxies.php(39): Illuminate\\Pipeline\\Pipeline->Illuminate\\Pipeline\\{closure}()
#38 /opt/lampp/htdocs/gitHub/react-laravel-ecommerce/api-laravel-ecommerce/vendor/laravel/framework/src/Illuminate/Pipeline/Pipeline.php(167): Illuminate\\Http\\Middleware\\TrustProxies->handle()
#39 /opt/lampp/htdocs/gitHub/react-laravel-ecommerce/api-laravel-ecommerce/vendor/laravel/framework/src/Illuminate/Pipeline/Pipeline.php(103): Illuminate\\Pipeline\\Pipeline->Illuminate\\Pipeline\\{closure}()
#40 /opt/lampp/htdocs/gitHub/react-laravel-ecommerce/api-laravel-ecommerce/vendor/laravel/framework/src/Illuminate/Foundation/Http/Kernel.php(142): Illuminate\\Pipeline\\Pipeline->then()
#41 /opt/lampp/htdocs/gitHub/react-laravel-ecommerce/api-laravel-ecommerce/vendor/laravel/framework/src/Illuminate/Foundation/Http/Kernel.php(111): Illuminate\\Foundation\\Http\\Kernel->sendRequestThroughRouter()
#42 /opt/lampp/htdocs/gitHub/react-laravel-ecommerce/api-laravel-ecommerce/public/index.php(52): Illuminate\\Foundation\\Http\\Kernel->handle()
#43 /opt/lampp/htdocs/gitHub/react-laravel-ecommerce/api-laravel-ecommerce/server.php(21): require_once('/opt/lampp/htdo...')
#44 {main}
"} 
